Using pre-set license
Built from '2020.3/staging' branch; Version is '2020.3.3f1 (76626098c1c4) revision 7758432'; Using compiler version '192528614'; Build Type 'Release'
OS: 'Windows 10 Pro; OS build 19042.1415; Version 2009; 64bit' Language: 'ru' Physical Memory: 3986 MB
BatchMode: 1, IsHumanControllingUs: 0, StartBugReporterOnCrash: 0, Is64bit: 1, IsPro: 0

 COMMAND LINE ARGUMENTS:
D:\Unity\2020.3.3f1\Editor\Unity.exe
-adb2
-batchMode
-noUpm
-name
AssetImportWorker0
-projectPath
D:/Rep/CatalogueAppARUnity/DemoAppAr
-logFile
Logs/AssetImportWorker0.log
-srvPort
61646
Successfully changed project path to: D:/Rep/CatalogueAppARUnity/DemoAppAr
D:/Rep/CatalogueAppARUnity/DemoAppAr
Using Asset Import Pipeline V2.
Refreshing native plugins compatible for Editor in 191.26 ms, found 1 plugins.
Preloading 0 native plugins for Editor in 0.00 ms.
Initialize engine version: 2020.3.3f1 (76626098c1c4)
[Subsystems] Discovering subsystems at path D:/Unity/2020.3.3f1/Editor/Data/Resources/UnitySubsystems
[Subsystems] Discovering subsystems at path D:/Rep/CatalogueAppARUnity/DemoAppAr/Assets
GfxDevice: creating device client; threaded=0
Direct3D:
    Version:  Direct3D 11.0 [level 11.0]
    Renderer: NVIDIA GeForce GT 630M (ID=0xde9)
    Vendor:   
    VRAM:     979 MB
    Driver:   22.21.13.8205
Initialize mono
Mono path[0] = 'D:/Unity/2020.3.3f1/Editor/Data/Managed'
Mono path[1] = 'D:/Unity/2020.3.3f1/Editor/Data/MonoBleedingEdge/lib/mono/unityjit'
Mono config path = 'D:/Unity/2020.3.3f1/Editor/Data/MonoBleedingEdge/etc'
Using monoOptions --debugger-agent=transport=dt_socket,embedding=1,server=y,suspend=n,address=127.0.0.1:56668
Begin MonoManager ReloadAssembly
Registering precompiled unity dll's ...
Register platform support module: D:/Unity/2020.3.3f1/Editor/Data/PlaybackEngines/WebGLSupport/UnityEditor.WebGL.Extensions.dll
Register platform support module: D:/Unity/2020.3.3f1/Editor/Data/PlaybackEngines/WindowsStandaloneSupport/UnityEditor.WindowsStandalone.Extensions.dll
Registered in 0.002521 seconds.
Native extension for WindowsStandalone target not found
Native extension for WebGL target not found
Refreshing native plugins compatible for Editor in 120.44 ms, found 1 plugins.
Preloading 0 native plugins for Editor in 0.00 ms.
Invoked RoslynAnalysisRunner static constructor.
RoslynAnalysisRunner will not be running.
RoslynAnalysisRunner has terminated.
Mono: successfully reloaded assembly
- Completed reload, in  3.622 seconds
Platform modules already initialized, skipping
Registering precompiled user dll's ...
Registered in 0.020777 seconds.
Begin MonoManager ReloadAssembly
[2022/01/11 14:52:34] 
[2022/01/11 14:52:34] executing command io.getImportFormats
                                                         [2022/01/11 14:52:34] Command execution time : 0.000 s
Exception: Product not initialized
  at (wrapper managed-to-native) System.MonoCustomAttrs.GetCustomAttributesInternal(System.Reflection.ICustomAttributeProvider,System.Type,bool)
  at System.MonoCustomAttrs.GetCustomAttributesBase (System.Reflection.ICustomAttributeProvider obj, System.Type attributeType, System.Boolean inheritedOnly) [0x00013] in <eae584ce26bc40229c1b1aa476bfa589>:0 
  at System.MonoCustomAttrs.GetCustomAttributes (System.Reflection.ICustomAttributeProvider obj, System.Type attributeType, System.Boolean inherit) [0x00037] in <eae584ce26bc40229c1b1aa476bfa589>:0 
  at System.RuntimeType.GetCustomAttributes (System.Type attributeType, System.Boolean inherit) [0x00038] in <eae584ce26bc40229c1b1aa476bfa589>:0 
  at System.Attribute.GetCustomAttributes (System.Reflection.MemberInfo element, System.Type type, System.Boolean inherit) [0x00088] in <eae584ce26bc40229c1b1aa476bfa589>:0 
  at System.Attribute.GetCustomAttribute (System.Reflection.MemberInfo element, System.Type attributeType, System.Boolean inherit) [0x00000] in <eae584ce26bc40229c1b1aa476bfa589>:0 
  at System.Attribute.GetCustomAttribute (System.Reflection.MemberInfo element, System.Type attributeType) [0x00000] in <eae584ce26bc40229c1b1aa476bfa589>:0 
  at UnityEditor.AssetImporters.ScriptedImporter.RegisterScriptedImporters () [0x00018] in <c9b5231e365148a4bc210cc4e439206d>:0 

Native extension for WindowsStandalone target not found
Native extension for WebGL target not found
Refreshing native plugins compatible for Editor in 108.34 ms, found 1 plugins.
Preloading 0 native plugins for Editor in 0.00 ms.
Invoked RoslynAnalysisRunner static constructor.
RoslynAnalysisRunner will not be running.
RoslynAnalysisRunner has terminated.
Mono: successfully reloaded assembly
- Completed reload, in  3.454 seconds
Platform modules already initialized, skipping
========================================================================
Worker process is ready to serve import requests
Launched and connected shader compiler UnityShaderCompiler.exe after 0.34 seconds
Refreshing native plugins compatible for Editor in 2.92 ms, found 1 plugins.
Preloading 0 native plugins for Editor in 0.00 ms.
Unloading 1831 Unused Serialized files (Serialized files now loaded: 0)
System memory in use before: 82.2 MB.
System memory in use after: 82.2 MB.

Unloading 185 unused Assets to reduce memory usage. Loaded Objects now: 2102.
Total: 3.565000 ms (FindLiveObjects: 0.442700 ms CreateObjectMapping: 0.126400 ms MarkObjects: 2.764800 ms  DeleteObjects: 0.228500 ms)

========================================================================
Received Import Request.
  path: Assets/ТЕКИ18.342.00.00.000 Тепловой насос МАКК Т 320-301.x_b.prefab
  artifactKey: Guid(ca1913220a25e2246978c93bae8d11e4) Importer(815301076,1909f56bfc062723c751e8b465ee728b)
Start importing Assets/ТЕКИ18.342.00.00.000 Тепловой насос МАКК Т 320-301.x_b.prefab using Guid(ca1913220a25e2246978c93bae8d11e4) Importer(815301076,1909f56bfc062723c751e8b465ee728b)  -> (artifact id: '5ef041f81e1ddb835f53e96d51161f7f') in 7.266494 seconds
  Import took 7.351360 seconds .

========================================================================
Received Import Request.
  Time since last request: 1.686793 seconds.
  path: Packages/com.unity.xr.legacyinputhelpers/Prefabs/XRRig.prefab
  artifactKey: Guid(c116b7497ab8ca34c9188965d4295e27) Importer(815301076,1909f56bfc062723c751e8b465ee728b)
Start importing Packages/com.unity.xr.legacyinputhelpers/Prefabs/XRRig.prefab using Guid(c116b7497ab8ca34c9188965d4295e27) Importer(815301076,1909f56bfc062723c751e8b465ee728b)  -> (artifact id: '565b33d62c4c92ef693d73d8993d4fe5') in 0.225800 seconds
  Import took 0.245937 seconds .

========================================================================
Received Prepare
Refreshing native plugins compatible for Editor in 8519.15 ms, found 1 plugins.
Preloading 0 native plugins for Editor in 0.00 ms.
Unloading 177 Unused Serialized files (Serialized files now loaded: 0)
System memory in use before: 56.0 MB.
System memory in use after: 56.1 MB.

Unloading 176 unused Assets to reduce memory usage. Loaded Objects now: 2146.
Total: 13.762600 ms (FindLiveObjects: 2.464600 ms CreateObjectMapping: 0.230000 ms MarkObjects: 10.629300 ms  DeleteObjects: 0.432200 ms)

========================================================================
Received Import Request.
  Time since last request: 728.832999 seconds.
  path: Assets/ТЕКИ18.342.00.00.000 Тепловой насос МАКК Т 320-301.x_b.prefab
  artifactKey: Guid(ca1913220a25e2246978c93bae8d11e4) Importer(815301076,1909f56bfc062723c751e8b465ee728b)
Start importing Assets/ТЕКИ18.342.00.00.000 Тепловой насос МАКК Т 320-301.x_b.prefab using Guid(ca1913220a25e2246978c93bae8d11e4) Importer(815301076,1909f56bfc062723c751e8b465ee728b)  -> (artifact id: '00400625a765044aab43a2a1b918f9d8') in 40.141753 seconds
  Import took 46.556854 seconds .

========================================================================
Received Import Request.
  Time since last request: 282.458734 seconds.
  path: Assets/ТЕКИ18.342.00.00.000 Тепловой насос МАКК Т 320-301.x_b.prefab
  artifactKey: Guid(ca1913220a25e2246978c93bae8d11e4) Importer(815301076,1909f56bfc062723c751e8b465ee728b)
Start importing Assets/ТЕКИ18.342.00.00.000 Тепловой насос МАКК Т 320-301.x_b.prefab using Guid(ca1913220a25e2246978c93bae8d11e4) Importer(815301076,1909f56bfc062723c751e8b465ee728b)  -> (artifact id: '0c348378b71cfb5a27735f8757f0b027') in 8.282487 seconds
  Import took 8.383375 seconds .

========================================================================
Received Prepare
Refreshing native plugins compatible for Editor in 795.10 ms, found 1 plugins.
Preloading 0 native plugins for Editor in 0.00 ms.
Unloading 176 Unused Serialized files (Serialized files now loaded: 0)
System memory in use before: 56.8 MB.
System memory in use after: 56.9 MB.

Unloading 176 unused Assets to reduce memory usage. Loaded Objects now: 2146.
Total: 2899.909900 ms (FindLiveObjects: 1.159600 ms CreateObjectMapping: 0.416800 ms MarkObjects: 2897.589700 ms  DeleteObjects: 0.736600 ms)

