Using pre-set license
Built from '2020.3/staging' branch; Version is '2020.3.3f1 (76626098c1c4) revision 7758432'; Using compiler version '192528614'; Build Type 'Release'
OS: 'Windows 10 Pro; OS build 19042.1415; Version 2009; 64bit' Language: 'ru' Physical Memory: 3986 MB
BatchMode: 1, IsHumanControllingUs: 0, StartBugReporterOnCrash: 0, Is64bit: 1, IsPro: 0

 COMMAND LINE ARGUMENTS:
D:\Unity\2020.3.3f1\Editor\Unity.exe
-adb2
-batchMode
-noUpm
-name
AssetImportWorker13
-projectPath
D:/Rep/CatalogueAppARUnity/DemoAppAr
-logFile
Logs/AssetImportWorker13.log
-srvPort
57589
Successfully changed project path to: D:/Rep/CatalogueAppARUnity/DemoAppAr
D:/Rep/CatalogueAppARUnity/DemoAppAr
Using Asset Import Pipeline V2.
Refreshing native plugins compatible for Editor in 389.27 ms, found 1 plugins.
Preloading 0 native plugins for Editor in 0.00 ms.
Initialize engine version: 2020.3.3f1 (76626098c1c4)
[Subsystems] Discovering subsystems at path D:/Unity/2020.3.3f1/Editor/Data/Resources/UnitySubsystems
[Subsystems] Discovering subsystems at path D:/Rep/CatalogueAppARUnity/DemoAppAr/Assets
GfxDevice: creating device client; threaded=0
Direct3D:
    Version:  Direct3D 11.0 [level 11.0]
    Renderer: NVIDIA GeForce GT 630M (ID=0xde9)
    Vendor:   
    VRAM:     979 MB
    Driver:   22.21.13.8205
Initialize mono
Mono path[0] = 'D:/Unity/2020.3.3f1/Editor/Data/Managed'
Mono path[1] = 'D:/Unity/2020.3.3f1/Editor/Data/MonoBleedingEdge/lib/mono/unityjit'
Mono config path = 'D:/Unity/2020.3.3f1/Editor/Data/MonoBleedingEdge/etc'
Using monoOptions --debugger-agent=transport=dt_socket,embedding=1,server=y,suspend=n,address=127.0.0.1:56360
Begin MonoManager ReloadAssembly
Registering precompiled unity dll's ...
Register platform support module: D:/Unity/2020.3.3f1/Editor/Data/PlaybackEngines/WebGLSupport/UnityEditor.WebGL.Extensions.dll
Register platform support module: D:/Unity/2020.3.3f1/Editor/Data/PlaybackEngines/WindowsStandaloneSupport/UnityEditor.WindowsStandalone.Extensions.dll
Registered in 0.002562 seconds.
Native extension for WindowsStandalone target not found
Native extension for WebGL target not found
Refreshing native plugins compatible for Editor in 113.79 ms, found 1 plugins.
Preloading 0 native plugins for Editor in 0.00 ms.
Invoked RoslynAnalysisRunner static constructor.
RoslynAnalysisRunner will not be running.
RoslynAnalysisRunner has terminated.
Mono: successfully reloaded assembly
- Completed reload, in  3.423 seconds
Platform modules already initialized, skipping
Registering precompiled user dll's ...
Registered in 0.020496 seconds.
Begin MonoManager ReloadAssembly
[2021/12/22 15:08:28] 
[2021/12/22 15:08:28] executing command io.getImportFormats
                                                         [2021/12/22 15:08:28] Command execution time : 0.029 s
Exception: Product not initialized
  at (wrapper managed-to-native) System.MonoCustomAttrs.GetCustomAttributesInternal(System.Reflection.ICustomAttributeProvider,System.Type,bool)
  at System.MonoCustomAttrs.GetCustomAttributesBase (System.Reflection.ICustomAttributeProvider obj, System.Type attributeType, System.Boolean inheritedOnly) [0x00013] in <eae584ce26bc40229c1b1aa476bfa589>:0 
  at System.MonoCustomAttrs.GetCustomAttributes (System.Reflection.ICustomAttributeProvider obj, System.Type attributeType, System.Boolean inherit) [0x00037] in <eae584ce26bc40229c1b1aa476bfa589>:0 
  at System.RuntimeType.GetCustomAttributes (System.Type attributeType, System.Boolean inherit) [0x00038] in <eae584ce26bc40229c1b1aa476bfa589>:0 
  at System.Attribute.GetCustomAttributes (System.Reflection.MemberInfo element, System.Type type, System.Boolean inherit) [0x00088] in <eae584ce26bc40229c1b1aa476bfa589>:0 
  at System.Attribute.GetCustomAttribute (System.Reflection.MemberInfo element, System.Type attributeType, System.Boolean inherit) [0x00000] in <eae584ce26bc40229c1b1aa476bfa589>:0 
  at System.Attribute.GetCustomAttribute (System.Reflection.MemberInfo element, System.Type attributeType) [0x00000] in <eae584ce26bc40229c1b1aa476bfa589>:0 
  at UnityEditor.AssetImporters.ScriptedImporter.RegisterScriptedImporters () [0x00018] in <c9b5231e365148a4bc210cc4e439206d>:0 

Native extension for WindowsStandalone target not found
Native extension for WebGL target not found
Refreshing native plugins compatible for Editor in 103.99 ms, found 1 plugins.
Preloading 0 native plugins for Editor in 0.00 ms.
Invoked RoslynAnalysisRunner static constructor.
RoslynAnalysisRunner will not be running.
RoslynAnalysisRunner has terminated.
Mono: successfully reloaded assembly
- Completed reload, in  9.872 seconds
Platform modules already initialized, skipping
========================================================================
Worker process is ready to serve import requests
Launched and connected shader compiler UnityShaderCompiler.exe after 0.75 seconds
Refreshing native plugins compatible for Editor in 7.38 ms, found 1 plugins.
Preloading 0 native plugins for Editor in 0.00 ms.
Unloading 1830 Unused Serialized files (Serialized files now loaded: 0)
System memory in use before: 82.2 MB.
System memory in use after: 82.2 MB.

Unloading 184 unused Assets to reduce memory usage. Loaded Objects now: 2101.
Total: 229.838100 ms (FindLiveObjects: 0.361500 ms CreateObjectMapping: 0.191000 ms MarkObjects: 214.974800 ms  DeleteObjects: 14.304600 ms)

========================================================================
Received Import Request.
  path: Assets/Scripts/ProgrammManager.cs
  artifactKey: Guid(f0bd3b22eba73a4408be58a77a96aeb9) Importer(815301076,1909f56bfc062723c751e8b465ee728b)
Start importing Assets/Scripts/ProgrammManager.cs using Guid(f0bd3b22eba73a4408be58a77a96aeb9) Importer(815301076,1909f56bfc062723c751e8b465ee728b)  -> (artifact id: '5aeb81ca184058df2df96276df5192a7') in 0.886636 seconds
  Import took 0.961626 seconds .

========================================================================
Received Import Request.
  Time since last request: 90.053292 seconds.
  path: Assets/Prefabs/PlaneMarker.prefab
  artifactKey: Guid(4538cb86e333403479733a55ef8a4dbd) Importer(815301076,1909f56bfc062723c751e8b465ee728b)
Start importing Assets/Prefabs/PlaneMarker.prefab using Guid(4538cb86e333403479733a55ef8a4dbd) Importer(815301076,1909f56bfc062723c751e8b465ee728b)  -> (artifact id: '5aca4403079161304caccb4e1ad8020d') in 5.205541 seconds
  Import took 5.220518 seconds .

========================================================================
Received Import Request.
  Time since last request: 0.096355 seconds.
  path: Assets/Prefabs/PlaneMarker.prefab
  artifactKey: Guid(4538cb86e333403479733a55ef8a4dbd) Importer(815301076,1909f56bfc062723c751e8b465ee728b)
Start importing Assets/Prefabs/PlaneMarker.prefab using Guid(4538cb86e333403479733a55ef8a4dbd) Importer(815301076,1909f56bfc062723c751e8b465ee728b)  -> (artifact id: '5aca4403079161304caccb4e1ad8020d') in 0.263434 seconds
  Import took 0.402568 seconds .

========================================================================
Received Import Request.
  Time since last request: 30.725575 seconds.
  path: ProjectSettings/TagManager.asset
  artifactKey: Guid(00000000000000003000000000000000) Importer(815301076,1909f56bfc062723c751e8b465ee728b)
Start importing ProjectSettings/TagManager.asset using Guid(00000000000000003000000000000000) Importer(815301076,1909f56bfc062723c751e8b465ee728b)  -> (artifact id: 'd236c41fb844582cff0fa3367d3904ad') in 0.058386 seconds
  Import took 0.101525 seconds .

========================================================================
Received Import Request.
  Time since last request: 1.509583 seconds.
  path: ProjectSettings/TagManager.asset
  artifactKey: Guid(00000000000000003000000000000000) Importer(815301076,1909f56bfc062723c751e8b465ee728b)
Start importing ProjectSettings/TagManager.asset using Guid(00000000000000003000000000000000) Importer(815301076,1909f56bfc062723c751e8b465ee728b)  -> (artifact id: 'd236c41fb844582cff0fa3367d3904ad') in 0.013496 seconds
  Import took 0.027461 seconds .

========================================================================
Received Import Request.
  Time since last request: 35.761229 seconds.
  path: Assets/Prefabs/PlaneMarker.prefab
  artifactKey: Guid(4538cb86e333403479733a55ef8a4dbd) Importer(815301076,1909f56bfc062723c751e8b465ee728b)
Start importing Assets/Prefabs/PlaneMarker.prefab using Guid(4538cb86e333403479733a55ef8a4dbd) Importer(815301076,1909f56bfc062723c751e8b465ee728b)  -> (artifact id: '917a6c9894eac6288e54f4239e567d36') in 0.184956 seconds
  Import took 0.212448 seconds .

========================================================================
Received Import Request.
  Time since last request: 106.075525 seconds.
  path: Assets/ВЕРОСА-605-034-У1.prefab
  artifactKey: Guid(a2ee88b024716424a87feaf3414bc2c7) Importer(815301076,1909f56bfc062723c751e8b465ee728b)
Start importing Assets/ВЕРОСА-605-034-У1.prefab using Guid(a2ee88b024716424a87feaf3414bc2c7) Importer(815301076,1909f56bfc062723c751e8b465ee728b)  -> (artifact id: 'c46a0fcc5199dea101b328816948bc55') in 9.144176 seconds
  Import took 9.310193 seconds .

========================================================================
Received Prepare
Registering precompiled user dll's ...
Registered in 8.897543 seconds.
Begin MonoManager ReloadAssembly

[2021/12/22 15:34:28] executing command io.getImportFormats
[2021/12/22 15:34:28] Command execution time : 0.000 s
Exception: Product not initialized
  at (wrapper managed-to-native) System.MonoCustomAttrs.GetCustomAttributesInternal(System.Reflection.ICustomAttributeProvider,System.Type,bool)
  at System.MonoCustomAttrs.GetCustomAttributesBase (System.Reflection.ICustomAttributeProvider obj, System.Type attributeType, System.Boolean inheritedOnly) [0x00013] in <eae584ce26bc40229c1b1aa476bfa589>:0 
  at System.MonoCustomAttrs.GetCustomAttributes (System.Reflection.ICustomAttributeProvider obj, System.Type attributeType, System.Boolean inherit) [0x00037] in <eae584ce26bc40229c1b1aa476bfa589>:0 
  at System.RuntimeType.GetCustomAttributes (System.Type attributeType, System.Boolean inherit) [0x00038] in <eae584ce26bc40229c1b1aa476bfa589>:0 
  at System.Attribute.GetCustomAttributes (System.Reflection.MemberInfo element, System.Type type, System.Boolean inherit) [0x00088] in <eae584ce26bc40229c1b1aa476bfa589>:0 
  at System.Attribute.GetCustomAttribute (System.Reflection.MemberInfo element, System.Type attributeType, System.Boolean inherit) [0x00000] in <eae584ce26bc40229c1b1aa476bfa589>:0 
  at System.Attribute.GetCustomAttribute (System.Reflection.MemberInfo element, System.Type attributeType) [0x00000] in <eae584ce26bc40229c1b1aa476bfa589>:0 
  at UnityEditor.AssetImporters.ScriptedImporter.RegisterScriptedImporters () [0x00018] in <c9b5231e365148a4bc210cc4e439206d>:0 

Native extension for WindowsStandalone target not found
Native extension for WebGL target not found
Refreshing native plugins compatible for Editor in 20.50 ms, found 1 plugins.
Preloading 0 native plugins for Editor in 0.00 ms.
Invoked RoslynAnalysisRunner static constructor.
RoslynAnalysisRunner will not be running.
RoslynAnalysisRunner has terminated.
Mono: successfully reloaded assembly
- Completed reload, in 13.702 seconds
Platform modules already initialized, skipping
Switching build target platform(5) subTarget(0) extendedPlatform(0) -> platform(13) subTarget(524288) extendedPlatform(0)
Refreshing native plugins compatible for Editor in 9.23 ms, found 1 plugins.
Preloading 0 native plugins for Editor in 0.00 ms.
Unloading 1815 Unused Serialized files (Serialized files now loaded: 0)
System memory in use before: 91.6 MB.
System memory in use after: 91.7 MB.

Unloading 181 unused Assets to reduce memory usage. Loaded Objects now: 2149.
Total: 646.068500 ms (FindLiveObjects: 0.814700 ms CreateObjectMapping: 0.308200 ms MarkObjects: 531.202600 ms  DeleteObjects: 113.734900 ms)

AssetImportParameters requested are different than current active one (requested -> active):
  custom:graphics/normal-map-encoding: 01000000000000000000000000000000 -> 02000000000000000000000000000000
========================================================================
Received Prepare
Refreshing native plugins compatible for Editor in 8208.78 ms, found 1 plugins.
Preloading 0 native plugins for Editor in 0.00 ms.
Unloading 176 Unused Serialized files (Serialized files now loaded: 0)
System memory in use before: 59.0 MB.
System memory in use after: 59.0 MB.

Unloading 176 unused Assets to reduce memory usage. Loaded Objects now: 2149.
Total: 105.421500 ms (FindLiveObjects: 0.351800 ms CreateObjectMapping: 0.109900 ms MarkObjects: 4.361200 ms  DeleteObjects: 100.592000 ms)

