Using pre-set license
Built from '2020.3/staging' branch; Version is '2020.3.3f1 (76626098c1c4) revision 7758432'; Using compiler version '192528614'; Build Type 'Release'
OS: 'Windows 10 Pro; OS build 19042.1415; Version 2009; 64bit' Language: 'ru' Physical Memory: 3986 MB
BatchMode: 1, IsHumanControllingUs: 0, StartBugReporterOnCrash: 0, Is64bit: 1, IsPro: 0

 COMMAND LINE ARGUMENTS:
D:\Unity\2020.3.3f1\Editor\Unity.exe
-adb2
-batchMode
-noUpm
-name
AssetImportWorker2
-projectPath
D:/Projects/3drepo4unity-master/DemoAppAr
-logFile
Logs/AssetImportWorker2.log
-srvPort
58892
Successfully changed project path to: D:/Projects/3drepo4unity-master/DemoAppAr
D:/Projects/3drepo4unity-master/DemoAppAr
Using Asset Import Pipeline V2.
