Using pre-set license
Built from '2020.3/staging' branch; Version is '2020.3.3f1 (76626098c1c4) revision 7758432'; Using compiler version '192528614'; Build Type 'Release'
OS: 'Windows 10 Pro; OS build 19042.1415; Version 2009; 64bit' Language: 'ru' Physical Memory: 3986 MB
BatchMode: 1, IsHumanControllingUs: 0, StartBugReporterOnCrash: 0, Is64bit: 1, IsPro: 0

 COMMAND LINE ARGUMENTS:
D:\Unity\2020.3.3f1\Editor\Unity.exe
-adb2
-batchMode
-noUpm
-name
AssetImportWorker6
-projectPath
D:/Rep/CatalogueAppARUnity/DemoAppAr
-logFile
Logs/AssetImportWorker6.log
-srvPort
49957
Successfully changed project path to: D:/Rep/CatalogueAppARUnity/DemoAppAr
D:/Rep/CatalogueAppARUnity/DemoAppAr
Using Asset Import Pipeline V2.
Refreshing native plugins compatible for Editor in 338.68 ms, found 1 plugins.
Preloading 0 native plugins for Editor in 0.00 ms.
Initialize engine version: 2020.3.3f1 (76626098c1c4)
[Subsystems] Discovering subsystems at path D:/Unity/2020.3.3f1/Editor/Data/Resources/UnitySubsystems
[Subsystems] Discovering subsystems at path D:/Rep/CatalogueAppARUnity/DemoAppAr/Assets
GfxDevice: creating device client; threaded=0
Direct3D:
    Version:  Direct3D 11.0 [level 11.0]
    Renderer: NVIDIA GeForce GT 630M (ID=0xde9)
    Vendor:   
    VRAM:     979 MB
    Driver:   22.21.13.8205
Initialize mono
Mono path[0] = 'D:/Unity/2020.3.3f1/Editor/Data/Managed'
Mono path[1] = 'D:/Unity/2020.3.3f1/Editor/Data/MonoBleedingEdge/lib/mono/unityjit'
Mono config path = 'D:/Unity/2020.3.3f1/Editor/Data/MonoBleedingEdge/etc'
Using monoOptions --debugger-agent=transport=dt_socket,embedding=1,server=y,suspend=n,address=127.0.0.1:56632
Begin MonoManager ReloadAssembly
Registering precompiled unity dll's ...
Register platform support module: D:/Unity/2020.3.3f1/Editor/Data/PlaybackEngines/WebGLSupport/UnityEditor.WebGL.Extensions.dll
Register platform support module: D:/Unity/2020.3.3f1/Editor/Data/PlaybackEngines/WindowsStandaloneSupport/UnityEditor.WindowsStandalone.Extensions.dll
Registered in 0.002737 seconds.
Native extension for WindowsStandalone target not found
Native extension for WebGL target not found
Refreshing native plugins compatible for Editor in 118.72 ms, found 1 plugins.
Preloading 0 native plugins for Editor in 0.00 ms.
Invoked RoslynAnalysisRunner static constructor.
RoslynAnalysisRunner will not be running.
RoslynAnalysisRunner has terminated.
Mono: successfully reloaded assembly
- Completed reload, in  3.692 seconds
Platform modules already initialized, skipping
Registering precompiled user dll's ...
Registered in 0.062817 seconds.
Begin MonoManager ReloadAssembly
[2021/12/27 12:06:55] 
[2021/12/27 12:06:55] executing command io.getImportFormats
                                                         [2021/12/27 12:06:55] Command execution time : 0.000 s
Exception: Product not initialized
  at (wrapper managed-to-native) System.MonoCustomAttrs.GetCustomAttributesInternal(System.Reflection.ICustomAttributeProvider,System.Type,bool)
  at System.MonoCustomAttrs.GetCustomAttributesBase (System.Reflection.ICustomAttributeProvider obj, System.Type attributeType, System.Boolean inheritedOnly) [0x00013] in <eae584ce26bc40229c1b1aa476bfa589>:0 
  at System.MonoCustomAttrs.GetCustomAttributes (System.Reflection.ICustomAttributeProvider obj, System.Type attributeType, System.Boolean inherit) [0x00037] in <eae584ce26bc40229c1b1aa476bfa589>:0 
  at System.RuntimeType.GetCustomAttributes (System.Type attributeType, System.Boolean inherit) [0x00038] in <eae584ce26bc40229c1b1aa476bfa589>:0 
  at System.Attribute.GetCustomAttributes (System.Reflection.MemberInfo element, System.Type type, System.Boolean inherit) [0x00088] in <eae584ce26bc40229c1b1aa476bfa589>:0 
  at System.Attribute.GetCustomAttribute (System.Reflection.MemberInfo element, System.Type attributeType, System.Boolean inherit) [0x00000] in <eae584ce26bc40229c1b1aa476bfa589>:0 
  at System.Attribute.GetCustomAttribute (System.Reflection.MemberInfo element, System.Type attributeType) [0x00000] in <eae584ce26bc40229c1b1aa476bfa589>:0 
  at UnityEditor.AssetImporters.ScriptedImporter.RegisterScriptedImporters () [0x00018] in <c9b5231e365148a4bc210cc4e439206d>:0 

Native extension for WindowsStandalone target not found
Native extension for WebGL target not found
Refreshing native plugins compatible for Editor in 395.47 ms, found 1 plugins.
Preloading 0 native plugins for Editor in 0.00 ms.
Invoked RoslynAnalysisRunner static constructor.
RoslynAnalysisRunner will not be running.
RoslynAnalysisRunner has terminated.
Mono: successfully reloaded assembly
- Completed reload, in  7.740 seconds
Platform modules already initialized, skipping
========================================================================
Worker process is ready to serve import requests
Launched and connected shader compiler UnityShaderCompiler.exe after 0.45 seconds
Refreshing native plugins compatible for Editor in 4.50 ms, found 1 plugins.
Preloading 0 native plugins for Editor in 0.00 ms.
Unloading 1831 Unused Serialized files (Serialized files now loaded: 0)
System memory in use before: 82.2 MB.
System memory in use after: 82.3 MB.

Unloading 185 unused Assets to reduce memory usage. Loaded Objects now: 2102.
Total: 877.654500 ms (FindLiveObjects: 0.474200 ms CreateObjectMapping: 0.161800 ms MarkObjects: 795.387200 ms  DeleteObjects: 81.627400 ms)

========================================================================
Received Import Request.
  path: Assets/Scripts/ProgrammManager.cs
  artifactKey: Guid(f0bd3b22eba73a4408be58a77a96aeb9) Importer(815301076,1909f56bfc062723c751e8b465ee728b)
Start importing Assets/Scripts/ProgrammManager.cs using Guid(f0bd3b22eba73a4408be58a77a96aeb9) Importer(815301076,1909f56bfc062723c751e8b465ee728b)  -> (artifact id: '95dab04807cd93b1bbbf9aa3631d229a') in 6.283306 seconds
  Import took 6.532601 seconds .

========================================================================
Received Prepare
Registering precompiled user dll's ...
Registered in 9.364167 seconds.
Begin MonoManager ReloadAssembly

[2021/12/27 12:20:26] executing command io.getImportFormats
[2021/12/27 12:20:26] Command execution time : 0.000 s
Exception: Product not initialized
  at (wrapper managed-to-native) System.MonoCustomAttrs.GetCustomAttributesInternal(System.Reflection.ICustomAttributeProvider,System.Type,bool)
  at System.MonoCustomAttrs.GetCustomAttributesBase (System.Reflection.ICustomAttributeProvider obj, System.Type attributeType, System.Boolean inheritedOnly) [0x00013] in <eae584ce26bc40229c1b1aa476bfa589>:0 
  at System.MonoCustomAttrs.GetCustomAttributes (System.Reflection.ICustomAttributeProvider obj, System.Type attributeType, System.Boolean inherit) [0x00037] in <eae584ce26bc40229c1b1aa476bfa589>:0 
  at System.RuntimeType.GetCustomAttributes (System.Type attributeType, System.Boolean inherit) [0x00038] in <eae584ce26bc40229c1b1aa476bfa589>:0 
  at System.Attribute.GetCustomAttributes (System.Reflection.MemberInfo element, System.Type type, System.Boolean inherit) [0x00088] in <eae584ce26bc40229c1b1aa476bfa589>:0 
  at System.Attribute.GetCustomAttribute (System.Reflection.MemberInfo element, System.Type attributeType, System.Boolean inherit) [0x00000] in <eae584ce26bc40229c1b1aa476bfa589>:0 
  at System.Attribute.GetCustomAttribute (System.Reflection.MemberInfo element, System.Type attributeType) [0x00000] in <eae584ce26bc40229c1b1aa476bfa589>:0 
  at UnityEditor.AssetImporters.ScriptedImporter.RegisterScriptedImporters () [0x00018] in <c9b5231e365148a4bc210cc4e439206d>:0 

Native extension for WindowsStandalone target not found
Native extension for WebGL target not found
Refreshing native plugins compatible for Editor in 3.42 ms, found 1 plugins.
Preloading 0 native plugins for Editor in 0.00 ms.
Invoked RoslynAnalysisRunner static constructor.
RoslynAnalysisRunner will not be running.
RoslynAnalysisRunner has terminated.
Mono: successfully reloaded assembly
- Completed reload, in 13.420 seconds
Platform modules already initialized, skipping
Switching build target platform(5) subTarget(0) extendedPlatform(0) -> platform(13) subTarget(524288) extendedPlatform(0)
Refreshing native plugins compatible for Editor in 5.00 ms, found 1 plugins.
Preloading 0 native plugins for Editor in 0.00 ms.
Unloading 1817 Unused Serialized files (Serialized files now loaded: 0)
System memory in use before: 81.1 MB.
System memory in use after: 81.2 MB.

Unloading 180 unused Assets to reduce memory usage. Loaded Objects now: 2106.
Total: 396.702100 ms (FindLiveObjects: 18.376800 ms CreateObjectMapping: 0.640200 ms MarkObjects: 365.546900 ms  DeleteObjects: 12.133200 ms)

AssetImportParameters requested are different than current active one (requested -> active):
  custom:graphics/normal-map-encoding: 01000000000000000000000000000000 -> 02000000000000000000000000000000
========================================================================
Received Import Request.
  Time since last request: 820.149607 seconds.
  path: Assets/Scripts/ProgrammManager.cs
  artifactKey: Guid(f0bd3b22eba73a4408be58a77a96aeb9) Importer(815301076,1909f56bfc062723c751e8b465ee728b)
Start importing Assets/Scripts/ProgrammManager.cs using Guid(f0bd3b22eba73a4408be58a77a96aeb9) Importer(815301076,1909f56bfc062723c751e8b465ee728b)  -> (artifact id: '208cadb4bb478adb96ae14c0b5f2e807') in 0.148857 seconds
  Import took 0.246048 seconds .

========================================================================
Received Prepare
Refreshing native plugins compatible for Editor in 14350.29 ms, found 1 plugins.
Preloading 0 native plugins for Editor in 0.00 ms.
Unloading 177 Unused Serialized files (Serialized files now loaded: 0)
System memory in use before: 48.5 MB.
System memory in use after: 48.6 MB.

Unloading 176 unused Assets to reduce memory usage. Loaded Objects now: 2107.
Total: 6.825900 ms (FindLiveObjects: 1.201800 ms CreateObjectMapping: 0.293300 ms MarkObjects: 5.068700 ms  DeleteObjects: 0.258500 ms)

========================================================================
Received Prepare
Registering precompiled user dll's ...
Registered in 37.013749 seconds.
Begin MonoManager ReloadAssembly

[2021/12/27 13:22:46] executing command io.getImportFormats
[2021/12/27 13:22:46] Command execution time : 0.000 s
Exception: Product not initialized
  at (wrapper managed-to-native) System.MonoCustomAttrs.GetCustomAttributesInternal(System.Reflection.ICustomAttributeProvider,System.Type,bool)
  at System.MonoCustomAttrs.GetCustomAttributesBase (System.Reflection.ICustomAttributeProvider obj, System.Type attributeType, System.Boolean inheritedOnly) [0x00013] in <eae584ce26bc40229c1b1aa476bfa589>:0 
  at System.MonoCustomAttrs.GetCustomAttributes (System.Reflection.ICustomAttributeProvider obj, System.Type attributeType, System.Boolean inherit) [0x00037] in <eae584ce26bc40229c1b1aa476bfa589>:0 
  at System.RuntimeType.GetCustomAttributes (System.Type attributeType, System.Boolean inherit) [0x00038] in <eae584ce26bc40229c1b1aa476bfa589>:0 
  at System.Attribute.GetCustomAttributes (System.Reflection.MemberInfo element, System.Type type, System.Boolean inherit) [0x00088] in <eae584ce26bc40229c1b1aa476bfa589>:0 
  at System.Attribute.GetCustomAttribute (System.Reflection.MemberInfo element, System.Type attributeType, System.Boolean inherit) [0x00000] in <eae584ce26bc40229c1b1aa476bfa589>:0 
  at System.Attribute.GetCustomAttribute (System.Reflection.MemberInfo element, System.Type attributeType) [0x00000] in <eae584ce26bc40229c1b1aa476bfa589>:0 
  at UnityEditor.AssetImporters.ScriptedImporter.RegisterScriptedImporters () [0x00018] in <c9b5231e365148a4bc210cc4e439206d>:0 

Native extension for WindowsStandalone target not found
Native extension for WebGL target not found
Refreshing native plugins compatible for Editor in 3.42 ms, found 1 plugins.
Preloading 0 native plugins for Editor in 0.00 ms.
Invoked RoslynAnalysisRunner static constructor.
RoslynAnalysisRunner will not be running.
RoslynAnalysisRunner has terminated.
Mono: successfully reloaded assembly
- Completed reload, in  7.297 seconds
Platform modules already initialized, skipping
Switching build target platform(5) subTarget(0) extendedPlatform(0) -> platform(13) subTarget(524288) extendedPlatform(0)
Refreshing native plugins compatible for Editor in 5.32 ms, found 1 plugins.
Preloading 0 native plugins for Editor in 0.00 ms.
Unloading 1816 Unused Serialized files (Serialized files now loaded: 0)
System memory in use before: 81.1 MB.
System memory in use after: 81.2 MB.

Unloading 179 unused Assets to reduce memory usage. Loaded Objects now: 2111.
Total: 297.751200 ms (FindLiveObjects: 19.355300 ms CreateObjectMapping: 0.484700 ms MarkObjects: 265.591100 ms  DeleteObjects: 12.313400 ms)

AssetImportParameters requested are different than current active one (requested -> active):
  custom:graphics/normal-map-encoding: 01000000000000000000000000000000 -> 02000000000000000000000000000000
========================================================================
Received Prepare
Registering precompiled user dll's ...
Registered in 10.910253 seconds.
Begin MonoManager ReloadAssembly

[2021/12/27 13:43:06] executing command io.getImportFormats
[2021/12/27 13:43:06] Command execution time : 0.000 s
Exception: Product not initialized
  at (wrapper managed-to-native) System.MonoCustomAttrs.GetCustomAttributesInternal(System.Reflection.ICustomAttributeProvider,System.Type,bool)
  at System.MonoCustomAttrs.GetCustomAttributesBase (System.Reflection.ICustomAttributeProvider obj, System.Type attributeType, System.Boolean inheritedOnly) [0x00013] in <eae584ce26bc40229c1b1aa476bfa589>:0 
  at System.MonoCustomAttrs.GetCustomAttributes (System.Reflection.ICustomAttributeProvider obj, System.Type attributeType, System.Boolean inherit) [0x00037] in <eae584ce26bc40229c1b1aa476bfa589>:0 
  at System.RuntimeType.GetCustomAttributes (System.Type attributeType, System.Boolean inherit) [0x00038] in <eae584ce26bc40229c1b1aa476bfa589>:0 
  at System.Attribute.GetCustomAttributes (System.Reflection.MemberInfo element, System.Type type, System.Boolean inherit) [0x00088] in <eae584ce26bc40229c1b1aa476bfa589>:0 
  at System.Attribute.GetCustomAttribute (System.Reflection.MemberInfo element, System.Type attributeType, System.Boolean inherit) [0x00000] in <eae584ce26bc40229c1b1aa476bfa589>:0 
  at System.Attribute.GetCustomAttribute (System.Reflection.MemberInfo element, System.Type attributeType) [0x00000] in <eae584ce26bc40229c1b1aa476bfa589>:0 
  at UnityEditor.AssetImporters.ScriptedImporter.RegisterScriptedImporters () [0x00018] in <c9b5231e365148a4bc210cc4e439206d>:0 

Native extension for WindowsStandalone target not found
Native extension for WebGL target not found
Refreshing native plugins compatible for Editor in 4.37 ms, found 1 plugins.
Preloading 0 native plugins for Editor in 0.00 ms.
Invoked RoslynAnalysisRunner static constructor.
RoslynAnalysisRunner will not be running.
RoslynAnalysisRunner has terminated.
Mono: successfully reloaded assembly
- Completed reload, in 21.954 seconds
Platform modules already initialized, skipping
Switching build target platform(5) subTarget(0) extendedPlatform(0) -> platform(13) subTarget(524288) extendedPlatform(0)
Refreshing native plugins compatible for Editor in 9.59 ms, found 1 plugins.
Preloading 0 native plugins for Editor in 0.00 ms.
Unloading 1816 Unused Serialized files (Serialized files now loaded: 0)
System memory in use before: 81.1 MB.
System memory in use after: 81.2 MB.

Unloading 179 unused Assets to reduce memory usage. Loaded Objects now: 2115.
Total: 369.935200 ms (FindLiveObjects: 0.908100 ms CreateObjectMapping: 0.181700 ms MarkObjects: 356.698100 ms  DeleteObjects: 12.141300 ms)

AssetImportParameters requested are different than current active one (requested -> active):
  custom:graphics/normal-map-encoding: 01000000000000000000000000000000 -> 02000000000000000000000000000000
========================================================================
Received Prepare
Refreshing native plugins compatible for Editor in 18899.04 ms, found 1 plugins.
Preloading 0 native plugins for Editor in 0.00 ms.
Unloading 176 Unused Serialized files (Serialized files now loaded: 0)
System memory in use before: 48.5 MB.
System memory in use after: 48.5 MB.

Unloading 176 unused Assets to reduce memory usage. Loaded Objects now: 2115.
Total: 4.172700 ms (FindLiveObjects: 0.349900 ms CreateObjectMapping: 0.113400 ms MarkObjects: 3.455700 ms  DeleteObjects: 0.250400 ms)

