Using pre-set license
Built from '2020.3/staging' branch; Version is '2020.3.3f1 (76626098c1c4) revision 7758432'; Using compiler version '192528614'; Build Type 'Release'
OS: 'Windows 10 Pro; OS build 19042.1415; Version 2009; 64bit' Language: 'ru' Physical Memory: 3986 MB
BatchMode: 1, IsHumanControllingUs: 0, StartBugReporterOnCrash: 0, Is64bit: 1, IsPro: 0

 COMMAND LINE ARGUMENTS:
D:\Unity\2020.3.3f1\Editor\Unity.exe
-adb2
-batchMode
-noUpm
-name
AssetImportWorker5
-projectPath
D:/Rep/CatalogueAppARUnity/DemoAppAr
-logFile
Logs/AssetImportWorker5.log
-srvPort
49957
Successfully changed project path to: D:/Rep/CatalogueAppARUnity/DemoAppAr
D:/Rep/CatalogueAppARUnity/DemoAppAr
Using Asset Import Pipeline V2.
Refreshing native plugins compatible for Editor in 2728.92 ms, found 1 plugins.
Preloading 0 native plugins for Editor in 0.00 ms.
Initialize engine version: 2020.3.3f1 (76626098c1c4)
[Subsystems] Discovering subsystems at path D:/Unity/2020.3.3f1/Editor/Data/Resources/UnitySubsystems
[Subsystems] Discovering subsystems at path D:/Rep/CatalogueAppARUnity/DemoAppAr/Assets
GfxDevice: creating device client; threaded=0
Direct3D:
    Version:  Direct3D 11.0 [level 11.0]
    Renderer: NVIDIA GeForce GT 630M (ID=0xde9)
    Vendor:   
    VRAM:     979 MB
    Driver:   22.21.13.8205
Initialize mono
Mono path[0] = 'D:/Unity/2020.3.3f1/Editor/Data/Managed'
Mono path[1] = 'D:/Unity/2020.3.3f1/Editor/Data/MonoBleedingEdge/lib/mono/unityjit'
Mono config path = 'D:/Unity/2020.3.3f1/Editor/Data/MonoBleedingEdge/etc'
Using monoOptions --debugger-agent=transport=dt_socket,embedding=1,server=y,suspend=n,address=127.0.0.1:56304
Begin MonoManager ReloadAssembly
Registering precompiled unity dll's ...
Register platform support module: D:/Unity/2020.3.3f1/Editor/Data/PlaybackEngines/WebGLSupport/UnityEditor.WebGL.Extensions.dll
Register platform support module: D:/Unity/2020.3.3f1/Editor/Data/PlaybackEngines/WindowsStandaloneSupport/UnityEditor.WindowsStandalone.Extensions.dll
Registered in 0.003144 seconds.
Native extension for WindowsStandalone target not found
Native extension for WebGL target not found
Refreshing native plugins compatible for Editor in 106.71 ms, found 1 plugins.
Preloading 0 native plugins for Editor in 0.00 ms.
Invoked RoslynAnalysisRunner static constructor.
RoslynAnalysisRunner will not be running.
RoslynAnalysisRunner has terminated.
Mono: successfully reloaded assembly
- Completed reload, in  8.038 seconds
Platform modules already initialized, skipping
Registering precompiled user dll's ...
Registered in 0.022863 seconds.
Begin MonoManager ReloadAssembly
[2021/12/27 12:06:44] 
[2021/12/27 12:06:44] executing command io.getImportFormats
                                                         [2021/12/27 12:06:44] Command execution time : 0.029 s
Exception: Product not initialized
  at (wrapper managed-to-native) System.MonoCustomAttrs.GetCustomAttributesInternal(System.Reflection.ICustomAttributeProvider,System.Type,bool)
  at System.MonoCustomAttrs.GetCustomAttributesBase (System.Reflection.ICustomAttributeProvider obj, System.Type attributeType, System.Boolean inheritedOnly) [0x00013] in <eae584ce26bc40229c1b1aa476bfa589>:0 
  at System.MonoCustomAttrs.GetCustomAttributes (System.Reflection.ICustomAttributeProvider obj, System.Type attributeType, System.Boolean inherit) [0x00037] in <eae584ce26bc40229c1b1aa476bfa589>:0 
  at System.RuntimeType.GetCustomAttributes (System.Type attributeType, System.Boolean inherit) [0x00038] in <eae584ce26bc40229c1b1aa476bfa589>:0 
  at System.Attribute.GetCustomAttributes (System.Reflection.MemberInfo element, System.Type type, System.Boolean inherit) [0x00088] in <eae584ce26bc40229c1b1aa476bfa589>:0 
  at System.Attribute.GetCustomAttribute (System.Reflection.MemberInfo element, System.Type attributeType, System.Boolean inherit) [0x00000] in <eae584ce26bc40229c1b1aa476bfa589>:0 
  at System.Attribute.GetCustomAttribute (System.Reflection.MemberInfo element, System.Type attributeType) [0x00000] in <eae584ce26bc40229c1b1aa476bfa589>:0 
  at UnityEditor.AssetImporters.ScriptedImporter.RegisterScriptedImporters () [0x00018] in <c9b5231e365148a4bc210cc4e439206d>:0 

